# JRE version: Java(TM) SE Runtime Environment (8.0_74-b02) (build 1.8.0_74-b02)
# Java VM: Java HotSpot(TM) Client VM (25.74-b02 mixed mode windows-x86 )
Heap:
 def new generation   total 6016K, used 4181K [0x04000000, 0x04680000, 0x09550000)
  eden space 5376K,  77% used [0x04000000, 0x04414da8, 0x04540000)
  from space 640K,   0% used [0x045e0000, 0x045e0a10, 0x04680000)
  to   space 640K,   0% used [0x04540000, 0x04540000, 0x045e0000)
 tenured generation   total 13172K, used 7790K [0x09550000, 0x0a22d000, 0x14000000)
   the space 13172K,  59% used [0x09550000, 0x09ceb9b0, 0x09ceba00, 0x0a22d000)
 Metaspace       used 6184K, capacity 6347K, committed 6400K, reserved 6528K
GC Heap History (10 events):
Event: 14.276 GC heap before
{Heap before GC invocations=28 (full 12):
 def new generation   total 6016K, used 3294K [0x04000000, 0x04680000, 0x09550000)
  eden space 5376K,  61% used [0x04000000, 0x04337b18, 0x04540000)
  from space 640K,   0% used [0x04540000, 0x04540000, 0x045e0000)
  to   space 640K,   0% used [0x045e0000, 0x045e0000, 0x04680000)
 tenured generation   total 13172K, used 7755K [0x09550000, 0x0a22d000, 0x14000000)
   the space 13172K,  58% used [0x09550000, 0x09ce2ce8, 0x09ce2e00, 0x0a22d000)
 Metaspace       used 6177K, capacity 6347K, committed 6400K, reserved 6528K
Event: 14.279 GC heap after
Heap after GC invocations=29 (full 12):
 def new generation   total 6016K, used 2K [0x04000000, 0x04680000, 0x09550000)
  eden space 5376K,   0% used [0x04000000, 0x04000000, 0x04540000)
  from space 640K,   0% used [0x045e0000, 0x045e0ac8, 0x04680000)
  to   space 640K,   0% used [0x04540000, 0x04540000, 0x045e0000)
 tenured generation   total 13172K, used 10928K [0x09550000, 0x0a22d000, 0x14000000)
   the space 13172K,  82% used [0x09550000, 0x09ffc060, 0x09ffc200, 0x0a22d000)
 Metaspace       used 6177K, capacity 6347K, committed 6400K, reserved 6528K
}
Event: 14.296 GC heap before
{Heap before GC invocations=29 (full 12):
 def new generation   total 6016K, used 3383K [0x04000000, 0x04680000, 0x09550000)
  eden space 5376K,  62% used [0x04000000, 0x0434d220, 0x04540000)
  from space 640K,   0% used [0x045e0000, 0x045e0ac8, 0x04680000)
  to   space 640K,   0% used [0x04540000, 0x04540000, 0x045e0000)
 tenured generation   total 13172K, used 10928K [0x09550000, 0x0a22d000, 0x14000000)
   the space 13172K,  82% used [0x09550000, 0x09ffc060, 0x09ffc200, 0x0a22d000)
 Metaspace       used 6177K, capacity 6347K, committed 6400K, reserved 6528K
Event: 14.315 GC heap after
Heap after GC invocations=30 (full 13):
 def new generation   total 6016K, used 0K [0x04000000, 0x04680000, 0x09550000)
  eden space 5376K,   0% used [0x04000000, 0x04000000, 0x04540000)
  from space 640K,   0% used [0x04540000, 0x04540000, 0x045e0000)
  to   space 640K,   0% used [0x045e0000, 0x045e0000, 0x04680000)
 tenured generation   total 13172K, used 7793K [0x09550000, 0x0a22d000, 0x14000000)
   the space 13172K,  59% used [0x09550000, 0x09cec418, 0x09cec600, 0x0a22d000)
 Metaspace       used 6177K, capacity 6347K, committed 6400K, reserved 6528K
}
Event: 14.385 GC heap before
{Heap before GC invocations=30 (full 13):
 def new generation   total 6016K, used 3281K [0x04000000, 0x04680000, 0x09550000)
  eden space 5376K,  61% used [0x04000000, 0x04334598, 0x04540000)
  from space 640K,   0% used [0x04540000, 0x04540000, 0x045e0000)
  to   space 640K,   0% used [0x045e0000, 0x045e0000, 0x04680000)
 tenured generation   total 13172K, used 7793K [0x09550000, 0x0a22d000, 0x14000000)
   the space 13172K,  59% used [0x09550000, 0x09cec418, 0x09cec600, 0x0a22d000)
 Metaspace       used 6177K, capacity 6347K, committed 6400K, reserved 6528K
Event: 14.389 GC heap after
Heap after GC invocations=31 (full 13):
 def new generation   total 6016K, used 3K [0x04000000, 0x04680000, 0x09550000)
  eden space 5376K,   0% used [0x04000000, 0x04000000, 0x04540000)
  from space 640K,   0% used [0x045e0000, 0x045e0ce8, 0x04680000)
  to   space 640K,   0% used [0x04540000, 0x04540000, 0x045e0000)
 tenured generation   total 13172K, used 10965K [0x09550000, 0x0a22d000, 0x14000000)
   the space 13172K,  83% used [0x09550000, 0x0a005790, 0x0a005800, 0x0a22d000)
 Metaspace       used 6177K, capacity 6347K, committed 6400K, reserved 6528K
}
Event: 19.602 GC heap before
{Heap before GC invocations=31 (full 13):
 def new generation   total 6016K, used 5379K [0x04000000, 0x04680000, 0x09550000)
  eden space 5376K, 100% used [0x04000000, 0x04540000, 0x04540000)
  from space 640K,   0% used [0x045e0000, 0x045e0ce8, 0x04680000)
  to   space 640K,   0% used [0x04540000, 0x04540000, 0x045e0000)
 tenured generation   total 13172K, used 10965K [0x09550000, 0x0a22d000, 0x14000000)
   the space 13172K,  83% used [0x09550000, 0x0a005790, 0x0a005800, 0x0a22d000)
 Metaspace       used 6177K, capacity 6347K, committed 6400K, reserved 6528K
Event: 19.621 GC heap after
Heap after GC invocations=32 (full 14):
 def new generation   total 6016K, used 0K [0x04000000, 0x04680000, 0x09550000)
  eden space 5376K,   0% used [0x04000000, 0x04000000, 0x04540000)
  from space 640K,   0% used [0x04540000, 0x04540000, 0x045e0000)
  to   space 640K,   0% used [0x045e0000, 0x045e0000, 0x04680000)
 tenured generation   total 13172K, used 7790K [0x09550000, 0x0a22d000, 0x14000000)
   the space 13172K,  59% used [0x09550000, 0x09ceb9b0, 0x09ceba00, 0x0a22d000)
 Metaspace       used 6177K, capacity 6347K, committed 6400K, reserved 6528K
}
Event: 32.009 GC heap before
{Heap before GC invocations=32 (full 14):
 def new generation   total 6016K, used 5376K [0x04000000, 0x04680000, 0x09550000)
  eden space 5376K, 100% used [0x04000000, 0x04540000, 0x04540000)
  from space 640K,   0% used [0x04540000, 0x04540000, 0x045e0000)
  to   space 640K,   0% used [0x045e0000, 0x045e0000, 0x04680000)
 tenured generation   total 13172K, used 7790K [0x09550000, 0x0a22d000, 0x14000000)
   the space 13172K,  59% used [0x09550000, 0x09ceb9b0, 0x09ceba00, 0x0a22d000)
 Metaspace       used 6177K, capacity 6347K, committed 6400K, reserved 6528K
Event: 32.010 GC heap after
Heap after GC invocations=33 (full 14):
 def new generation   total 6016K, used 2K [0x04000000, 0x04680000, 0x09550000)
  eden space 5376K,   0% used [0x04000000, 0x04000000, 0x04540000)
  from space 640K,   0% used [0x045e0000, 0x045e0a10, 0x04680000)
  to   space 640K,   0% used [0x04540000, 0x04540000, 0x045e0000)
 tenured generation   total 13172K, used 7790K [0x09550000, 0x0a22d000, 0x14000000)
   the space 13172K,  59% used [0x09550000, 0x09ceb9b0, 0x09ceba00, 0x0a22d000)
 Metaspace       used 6177K, capacity 6347K, committed 6400K, reserved 6528K
}

